[16:28:00] [main/WARN]: Ambiguity between arguments [teleport, destination] and [teleport, targets] with inputs: [Player, 0123, @e, dd12be42-52a9-4a91-a8a1-11c01849e498]
[16:28:00] [main/WARN]: Ambiguity between arguments [teleport, location] and [teleport, destination] with inputs: [0.1 -0.5 .9, 0 0 0]
[16:28:00] [main/WARN]: Ambiguity between arguments [teleport, location] and [teleport, targets] with inputs: [0.1 -0.5 .9, 0 0 0]
[16:28:00] [main/WARN]: Ambiguity between arguments [teleport, targets] and [teleport, destination] with inputs: [Player, 0123, dd12be42-52a9-4a91-a8a1-11c01849e498]
[16:28:00] [main/WARN]: Ambiguity between arguments [teleport, targets, location] and [teleport, targets, destination] with inputs: [0.1 -0.5 .9, 0 0 0]
[16:28:00] [main/INFO]: Loaded 0 recipes
[16:28:00] [main/INFO]: Loaded 0 advancements
[16:28:00] [Server thread/INFO]: Starting minecraft server version 1.13.2
[16:28:00] [Server thread/INFO]: Loading properties
[16:28:00] [Server thread/INFO]: Default game type: SURVIVAL
[16:28:00] [Server thread/INFO]: Generating keypair
[16:28:00] [Server thread/INFO]: Starting Minecraft server on *:25565
[16:28:00] [Server thread/INFO]: Using epoll channel type
[16:28:01] [Server thread/INFO]: Preparing level "world"
[16:28:01] [Server thread/INFO]: Found new data pack vanilla, loading it automatically
[16:28:01] [Server thread/INFO]: Reloading ResourceManager: Default
[16:28:01] [Server thread/INFO]: Loaded 524 recipes
[16:28:02] [Server thread/INFO]: Loaded 571 advancements
[16:28:07] [Server thread/INFO]: Preparing start region for dimension minecraft:overworld
[16:28:08] [Server thread/INFO]: Preparing spawn area: 0%
[16:28:09] [Server thread/INFO]: Preparing spawn area: 0%
[16:28:10] [Server thread/INFO]: Preparing spawn area: 0%
[16:28:11] [Server thread/INFO]: Preparing spawn area: 4%
[16:28:11] [Server thread/INFO]: Preparing spawn area: 8%
[16:28:12] [Server thread/INFO]: Preparing spawn area: 12%
[16:28:13] [Server thread/INFO]: Preparing spawn area: 16%
[16:28:13] [Server thread/INFO]: Preparing spawn area: 20%
[16:28:14] [Server thread/INFO]: Preparing spawn area: 24%
[16:28:14] [Server thread/INFO]: Preparing spawn area: 28%
[16:28:14] [Server thread/INFO]: Preparing spawn area: 32%
[16:28:15] [Server thread/INFO]: Preparing spawn area: 36%
[16:28:15] [Server thread/INFO]: Preparing spawn area: 40%
[16:28:16] [Server thread/INFO]: Preparing spawn area: 44%
[16:28:16] [Server thread/INFO]: Preparing spawn area: 48%
[16:28:16] [Server thread/INFO]: Preparing spawn area: 52%
[16:28:17] [Server thread/INFO]: Preparing spawn area: 56%
[16:28:17] [Server thread/INFO]: Preparing spawn area: 60%
[16:28:18] [Server thread/INFO]: Preparing spawn area: 64%
[16:28:18] [Server thread/INFO]: Preparing spawn area: 68%
[16:28:19] [Server thread/INFO]: Preparing spawn area: 72%
[16:28:19] [Server thread/INFO]: Preparing spawn area: 76%
[16:28:19] [Server thread/INFO]: Preparing spawn area: 80%
[16:28:20] [Server thread/INFO]: Preparing spawn area: 84%
[16:28:20] [Server thread/INFO]: Preparing spawn area: 88%
[16:28:20] [Server thread/INFO]: Preparing spawn area: 92%
[16:28:21] [Server thread/INFO]: Preparing spawn area: 96%
[16:28:21] [Server thread/INFO]: Preparing spawn area: 100%
[16:28:21] [Server thread/INFO]: Time elapsed: 13699 ms
[16:28:21] [Server thread/INFO]: Done (20.526s)! For help, type "help"
[16:28:21] [Server thread/INFO]: Starting remote control listener
[16:28:21] [RCON Listener #1/INFO]: RCON running on 0.0.0.0:25575
[16:29:10] [Server thread/WARN]: Can't keep up! Is the server overloaded? Running 3744ms or 74 ticks behind
